# JRE version: Java(TM) SE Runtime Environment (17.0.8+9) (build 17.0.8+9-LTS-211)
# Java VM: Java HotSpot(TM) 64-Bit Server VM (17.0.8+9-LTS-211, mixed mode, sharing, tiered, compressed oops, compressed class ptrs, g1 gc, windows-amd64)
GC Precious Log:
 CPUs: 8 total, 8 available
 Memory: 8112M
 Large Page Support: Disabled
 NUMA Support: Disabled
 Compressed Oops: Enabled (32-bit)
 Heap Region Size: 1M
 Heap Min Capacity: 8M
 Heap Initial Capacity: 128M
 Heap Max Capacity: 2030M
 Pre-touch: Disabled
 Parallel Workers: 8
 Concurrent Workers: 2
 Concurrent Refinement Workers: 8
 Periodic GC: Disabled
Heap:
 garbage-first heap   total 103424K, used 38999K [0x0000000081200000, 0x0000000100000000)
  region size 1024K, 7 young (7168K), 1 survivors (1024K)
 Metaspace       used 74859K, committed 75456K, reserved 1114112K
  class space    used 10347K, committed 10624K, reserved 1048576K
GC Heap History (20 events):
Event: 13.728 GC heap before
{Heap before GC invocations=28 (full 0):
 garbage-first heap   total 56320K, used 45790K [0x0000000081200000, 0x0000000100000000)
  region size 1024K, 18 young (18432K), 3 survivors (3072K)
 Metaspace       used 66158K, committed 66688K, reserved 1114112K
  class space    used 9346K, committed 9600K, reserved 1048576K
}
Event: 13.734 GC heap after
{Heap after GC invocations=29 (full 0):
 garbage-first heap   total 56320K, used 31505K [0x0000000081200000, 0x0000000100000000)
  region size 1024K, 2 young (2048K), 2 survivors (2048K)
 Metaspace       used 66158K, committed 66688K, reserved 1114112K
  class space    used 9346K, committed 9600K, reserved 1048576K
}
Event: 22.794 GC heap before
{Heap before GC invocations=29 (full 0):
 garbage-first heap   total 56320K, used 44817K [0x0000000081200000, 0x0000000100000000)
  region size 1024K, 15 young (15360K), 2 survivors (2048K)
 Metaspace       used 67414K, committed 67968K, reserved 1114112K
  class space    used 9489K, committed 9728K, reserved 1048576K
}
Event: 22.796 GC heap after
{Heap after GC invocations=30 (full 0):
 garbage-first heap   total 56320K, used 31279K [0x0000000081200000, 0x0000000100000000)
  region size 1024K, 1 young (1024K), 1 survivors (1024K)
 Metaspace       used 67414K, committed 67968K, reserved 1114112K
  class space    used 9489K, committed 9728K, reserved 1048576K
}
Event: 150.140 GC heap before
{Heap before GC invocations=31 (full 0):
 garbage-first heap   total 56320K, used 45615K [0x0000000081200000, 0x0000000100000000)
  region size 1024K, 15 young (15360K), 1 survivors (1024K)
 Metaspace       used 67638K, committed 68224K, reserved 1114112K
  class space    used 9513K, committed 9792K, reserved 1048576K
}
Event: 150.152 GC heap after
{Heap after GC invocations=32 (full 0):
 garbage-first heap   total 56320K, used 31219K [0x0000000081200000, 0x0000000100000000)
  region size 1024K, 1 young (1024K), 1 survivors (1024K)
 Metaspace       used 67638K, committed 68224K, reserved 1114112K
  class space    used 9513K, committed 9792K, reserved 1048576K
}
Event: 150.204 GC heap before
{Heap before GC invocations=32 (full 0):
 garbage-first heap   total 56320K, used 31219K [0x0000000081200000, 0x0000000100000000)
  region size 1024K, 2 young (2048K), 1 survivors (1024K)
 Metaspace       used 67869K, committed 68416K, reserved 1114112K
  class space    used 9537K, committed 9792K, reserved 1048576K
}
Event: 150.220 GC heap after
{Heap after GC invocations=33 (full 0):
 garbage-first heap   total 56320K, used 30950K [0x0000000081200000, 0x0000000100000000)
  region size 1024K, 1 young (1024K), 1 survivors (1024K)
 Metaspace       used 67869K, committed 68416K, reserved 1114112K
  class space    used 9537K, committed 9792K, reserved 1048576K
}
Event: 150.926 GC heap before
{Heap before GC invocations=33 (full 0):
 garbage-first heap   total 56320K, used 46310K [0x0000000081200000, 0x0000000100000000)
  region size 1024K, 16 young (16384K), 1 survivors (1024K)
 Metaspace       used 70706K, committed 71296K, reserved 1114112K
  class space    used 9921K, committed 10176K, reserved 1048576K
}
Event: 150.938 GC heap after
{Heap after GC invocations=34 (full 0):
 garbage-first heap   total 103424K, used 32882K [0x0000000081200000, 0x0000000100000000)
  region size 1024K, 2 young (2048K), 2 survivors (2048K)
 Metaspace       used 70706K, committed 71296K, reserved 1114112K
  class space    used 9921K, committed 10176K, reserved 1048576K
}
Event: 322.188 GC heap before
{Heap before GC invocations=35 (full 0):
 garbage-first heap   total 103424K, used 79986K [0x0000000081200000, 0x0000000100000000)
  region size 1024K, 49 young (50176K), 2 survivors (2048K)
 Metaspace       used 74346K, committed 74944K, reserved 1114112K
  class space    used 10323K, committed 10624K, reserved 1048576K
}
Event: 322.245 GC heap after
{Heap after GC invocations=36 (full 0):
 garbage-first heap   total 103424K, used 34089K [0x0000000081200000, 0x0000000100000000)
  region size 1024K, 4 young (4096K), 4 survivors (4096K)
 Metaspace       used 74346K, committed 74944K, reserved 1114112K
  class space    used 10323K, committed 10624K, reserved 1048576K
}
Event: 329.640 GC heap before
{Heap before GC invocations=36 (full 0):
 garbage-first heap   total 103424K, used 35113K [0x0000000081200000, 0x0000000100000000)
  region size 1024K, 5 young (5120K), 4 survivors (4096K)
 Metaspace       used 74349K, committed 74944K, reserved 1114112K
  class space    used 10323K, committed 10624K, reserved 1048576K
}
Event: 329.709 GC heap after
{Heap after GC invocations=37 (full 0):
 garbage-first heap   total 103424K, used 33940K [0x0000000081200000, 0x0000000100000000)
  region size 1024K, 1 young (1024K), 1 survivors (1024K)
 Metaspace       used 74349K, committed 74944K, reserved 1114112K
  class space    used 10323K, committed 10624K, reserved 1048576K
}
Event: 683.713 GC heap before
{Heap before GC invocations=37 (full 0):
 garbage-first heap   total 103424K, used 82068K [0x0000000081200000, 0x0000000100000000)
  region size 1024K, 48 young (49152K), 1 survivors (1024K)
 Metaspace       used 74812K, committed 75392K, reserved 1114112K
  class space    used 10344K, committed 10624K, reserved 1048576K
}
Event: 683.758 GC heap after
{Heap after GC invocations=38 (full 0):
 garbage-first heap   total 103424K, used 33930K [0x0000000081200000, 0x0000000100000000)
  region size 1024K, 1 young (1024K), 1 survivors (1024K)
 Metaspace       used 74812K, committed 75392K, reserved 1114112K
  class space    used 10344K, committed 10624K, reserved 1048576K
}
Event: 1159.002 GC heap before
{Heap before GC invocations=38 (full 0):
 garbage-first heap   total 103424K, used 84106K [0x0000000081200000, 0x0000000100000000)
  region size 1024K, 50 young (51200K), 1 survivors (1024K)
 Metaspace       used 74824K, committed 75392K, reserved 1114112K
  class space    used 10344K, committed 10624K, reserved 1048576K
}
Event: 1159.071 GC heap after
{Heap after GC invocations=39 (full 0):
 garbage-first heap   total 103424K, used 33888K [0x0000000081200000, 0x0000000100000000)
  region size 1024K, 1 young (1024K), 1 survivors (1024K)
 Metaspace       used 74824K, committed 75392K, reserved 1114112K
  class space    used 10344K, committed 10624K, reserved 1048576K
}
Event: 1641.516 GC heap before
{Heap before GC invocations=39 (full 0):
 garbage-first heap   total 103424K, used 85088K [0x0000000081200000, 0x0000000100000000)
  region size 1024K, 51 young (52224K), 1 survivors (1024K)
 Metaspace       used 74824K, committed 75392K, reserved 1114112K
  class space    used 10344K, committed 10624K, reserved 1048576K
}
Event: 1641.615 GC heap after
{Heap after GC invocations=40 (full 0):
 garbage-first heap   total 103424K, used 33879K [0x0000000081200000, 0x0000000100000000)
  region size 1024K, 1 young (1024K), 1 survivors (1024K)
 Metaspace       used 74824K, committed 75392K, reserved 1114112K
  class space    used 10344K, committed 10624K, reserved 1048576K
}

